<<<<<<< HEAD
This is pdfTeX, Version 3.141592653-2.6-1.40.26 (TeX Live 2024) (preloaded format=pdflatex 2024.5.2)  4 MAY 2025 13:19
=======
This is pdfTeX, Version 3.141592653-2.6-1.40.24 (TeX Live 2022) (preloaded format=pdflatex 2022.9.30)  4 MAY 2025 20:45
>>>>>>> 710ccdd6a0dbfd6a6804f9dea27b0cef82fe4a75
entering extended mode
 restricted \write18 enabled.
 file:line:error style messages enabled.
 %&-line parsing enabled.
**/Users/corneliusheiming/Documents/Elektronikpraktikum/Versuch1/versuch_1.tex
(/Users/corneliusheiming/Documents/Elektronikpraktikum/Versuch1/versuch_1.tex
LaTeX2e <2021-11-15> patch level 1
L3 programming layer <2022-02-24> (/usr/local/texlive/2022/texmf-dist/tex/latex/base/article.cls
Document Class: article 2021/10/04 v1.4n Standard LaTeX document class
(/usr/local/texlive/2022/texmf-dist/tex/latex/base/size10.clo
File: size10.clo 2021/10/04 v1.4n Standard LaTeX file (size option)
)
\c@part=\count185
\c@section=\count186
\c@subsection=\count187
\c@subsubsection=\count188
\c@paragraph=\count189
\c@subparagraph=\count190
\c@figure=\count191
\c@table=\count192
\abovecaptionskip=\skip47
\belowcaptionskip=\skip48
\bibindent=\dimen138
) (/usr/local/texlive/2022/texmf-dist/tex/latex/geometry/geometry.sty
Package: geometry 2020/01/02 v5.9 Page Geometry
 (/usr/local/texlive/2022/texmf-dist/tex/latex/graphics/keyval.sty
Package: keyval 2014/10/28 v1.15 key=value parser (DPC)
\KV@toks@=\toks16
) (/usr/local/texlive/2022/texmf-dist/tex/generic/iftex/ifvtex.sty
Package: ifvtex 2019/10/25 v1.7 ifvtex legacy package. Use iftex instead.
 (/usr/local/texlive/2022/texmf-dist/tex/generic/iftex/iftex.sty
Package: iftex 2022/02/03 v1.0f TeX engine tests
))
\Gm@cnth=\count193
\Gm@cntv=\count194
\c@Gm@tempcnt=\count195
\Gm@bindingoffset=\dimen139
\Gm@wd@mp=\dimen140
\Gm@odd@mp=\dimen141
\Gm@even@mp=\dimen142
\Gm@layoutwidth=\dimen143
\Gm@layoutheight=\dimen144
\Gm@layouthoffset=\dimen145
\Gm@layoutvoffset=\dimen146
\Gm@dimlist=\toks17
) (/usr/local/texlive/2022/texmf-dist/tex/generic/babel/babel.sty
Package: babel 2022/02/26 3.73 The Babel package
\babel@savecnt=\count196
\U@D=\dimen147
\l@unhyphenated=\language87
 (/usr/local/texlive/2022/texmf-dist/tex/generic/babel/txtbabel.def)
\bbl@readstream=\read2
\bbl@dirlevel=\count197
 (/usr/local/texlive/2022/texmf-dist/tex/generic/babel-german/ngerman.ldf
Language: ngerman 2021/02/27 v2.13 German support for babel (post-1996 orthography)
 (/usr/local/texlive/2022/texmf-dist/tex/generic/babel-german/ngermanb.ldf
Language: ngermanb 2021/02/27 v2.13 German support for babel (post-1996 orthography)
Package babel Info: Making " an active character on input line 122.
))) (/usr/local/texlive/2022/texmf-dist/tex/latex/graphics/graphicx.sty
Package: graphicx 2021/09/16 v1.2d Enhanced LaTeX Graphics (DPC,SPQR)
 (/usr/local/texlive/2022/texmf-dist/tex/latex/graphics/graphics.sty
Package: graphics 2021/03/04 v1.4d Standard LaTeX Graphics (DPC,SPQR)
 (/usr/local/texlive/2022/texmf-dist/tex/latex/graphics/trig.sty
Package: trig 2021/08/11 v1.11 sin cos tan (DPC)
) (/usr/local/texlive/2022/texmf-dist/tex/latex/graphics-cfg/graphics.cfg
File: graphics.cfg 2016/06/04 v1.11 sample graphics configuration
)
Package graphics Info: Driver file: pdftex.def on input line 107.
 (/usr/local/texlive/2022/texmf-dist/tex/latex/graphics-def/pdftex.def
File: pdftex.def 2020/10/05 v1.2a Graphics/color driver for pdftex
))
\Gin@req@height=\dimen148
\Gin@req@width=\dimen149
) (/usr/local/texlive/2022/texmf-dist/tex/latex/tools/multicol.sty
Package: multicol 2021/10/28 v1.9b multicolumn formatting (FMi)
\c@tracingmulticols=\count198
\mult@box=\box50
\multicol@leftmargin=\dimen150
\c@unbalance=\count199
\c@collectmore=\count266
\doublecol@number=\count267
\multicoltolerance=\count268
\multicolpretolerance=\count269
\full@width=\dimen151
\page@free=\dimen152
\premulticols=\dimen153
\postmulticols=\dimen154
\multicolsep=\skip49
\multicolbaselineskip=\skip50
\partial@page=\box51
\last@line=\box52
\maxbalancingoverflow=\dimen155
\mult@rightbox=\box53
\mult@grightbox=\box54
\mult@firstbox=\box55
\mult@gfirstbox=\box56
\@tempa=\box57
\@tempa=\box58
\@tempa=\box59
\@tempa=\box60
\@tempa=\box61
\@tempa=\box62
\@tempa=\box63
\@tempa=\box64
\@tempa=\box65
\@tempa=\box66
\@tempa=\box67
\@tempa=\box68
\@tempa=\box69
\@tempa=\box70
\@tempa=\box71
\@tempa=\box72
\@tempa=\box73
\@tempa=\box74
\@tempa=\box75
\@tempa=\box76
\@tempa=\box77
\@tempa=\box78
\@tempa=\box79
\@tempa=\box80
\@tempa=\box81
\@tempa=\box82
\@tempa=\box83
\@tempa=\box84
\@tempa=\box85
\@tempa=\box86
\@tempa=\box87
\@tempa=\box88
\@tempa=\box89
\@tempa=\box90
\@tempa=\box91
\@tempa=\box92
\c@minrows=\count270
\c@columnbadness=\count271
\c@finalcolumnbadness=\count272
\last@try=\dimen156
\multicolovershoot=\dimen157
\multicolundershoot=\dimen158
\mult@nat@firstbox=\box93
\colbreak@box=\box94
\mc@col@check@num=\count273
) (/usr/local/texlive/2022/texmf-dist/tex/latex/amsfonts/amssymb.sty
Package: amssymb 2013/01/14 v3.01 AMS font symbols
 (/usr/local/texlive/2022/texmf-dist/tex/latex/amsfonts/amsfonts.sty
Package: amsfonts 2013/01/14 v3.01 Basic AMSFonts support
\@emptytoks=\toks18
\symAMSa=\mathgroup4
\symAMSb=\mathgroup5
LaTeX Font Info:    Redeclaring math symbol \hbar on input line 98.
LaTeX Font Info:    Overwriting math alphabet `\mathfrak' in version `bold'
(Font)                  U/euf/m/n --> U/euf/b/n on input line 106.
)) (/usr/local/texlive/2022/texmf-dist/tex/latex/titlesec/titlesec.sty
Package: titlesec 2021/07/05 v2.14 Sectioning titles
\ttl@box=\box95
\beforetitleunit=\skip51
\aftertitleunit=\skip52
\ttl@plus=\dimen159
\ttl@minus=\dimen160
\ttl@toksa=\toks19
\titlewidth=\dimen161
\titlewidthlast=\dimen162
\titlewidthfirst=\dimen163
) (/usr/local/texlive/2022/texmf-dist/tex/latex/wrapfig/wrapfig.sty
\wrapoverhang=\dimen164
\WF@size=\dimen165
\c@WF@wrappedlines=\count274
\WF@box=\box96
\WF@everypar=\toks20
Package: wrapfig 2003/01/31  v 3.6
) (/usr/local/texlive/2022/texmf-dist/tex/latex/blindtext/blindtext.sty
Package: blindtext 2012/01/06 V2.0 blindtext-Package
 (/usr/local/texlive/2022/texmf-dist/tex/latex/tools/xspace.sty
Package: xspace 2014/10/28 v1.13 Space after command names (DPC,MH)
)
\c@blindtext=\count275
\c@Blindtext=\count276
\c@blind@countparstart=\count277
\blind@countxx=\count278
\blindtext@numBlindtext=\count279
\blind@countyy=\count280
\c@blindlist=\count281
\c@blindlistlevel=\count282
\c@blindlist@level=\count283
\blind@listitem=\count284
\c@blind@listcount=\count285
\c@blind@levelcount=\count286
\blind@mathformula=\count287
\blind@Mathformula=\count288
\c@blind@randomcount=\count289
\c@blind@randommax=\count290
\c@blind@pangramcount=\count291
\c@blind@pangrammax=\count292
) (/usr/local/texlive/2022/texmf-dist/tex/latex/lipsum/lipsum.sty (/usr/local/texlive/2022/texmf-dist/tex/latex/l3packages/l3keys2e/l3keys2e.sty (/usr/local/texlive/2022/texmf-dist/tex/latex/l3kernel/expl3.sty
Package: expl3 2022-02-24 L3 programming layer (loader) 
 (/usr/local/texlive/2022/texmf-dist/tex/latex/l3backend/l3backend-pdftex.def
File: l3backend-pdftex.def 2022-02-07 L3 backend support: PDF output (pdfTeX)
\l__color_backend_stack_int=\count293
\l__pdf_internal_box=\box97
))
Package: l3keys2e 2022-01-12 LaTeX2e option processing using LaTeX3 keys
)
Package: lipsum 2021-09-20 v2.7 150 paragraphs of Lorem Ipsum dummy text
\g__lipsum_par_int=\count294
\l__lipsum_a_int=\count295
\l__lipsum_b_int=\count296
 (/usr/local/texlive/2022/texmf-dist/tex/latex/lipsum/lipsum.ltd.tex)) (/usr/local/texlive/2022/texmf-dist/tex/latex/caption/caption.sty
Package: caption 2022/03/01 v3.6b Customizing captions (AR)
 (/usr/local/texlive/2022/texmf-dist/tex/latex/caption/caption3.sty
Package: caption3 2022/03/17 v2.3b caption3 kernel (AR)
\caption@tempdima=\dimen166
\captionmargin=\dimen167
\caption@leftmargin=\dimen168
\caption@rightmargin=\dimen169
\caption@width=\dimen170
\caption@indent=\dimen171
\caption@parindent=\dimen172
\caption@hangindent=\dimen173
Package caption Info: Standard document class detected.
)
\c@caption@flags=\count297
\c@continuedfloat=\count298
Package caption Info: wrapfig package is loaded.
) (/usr/local/texlive/2022/texmf-dist/tex/latex/listings/listings.sty
\lst@mode=\count299
\lst@gtempboxa=\box98
\lst@token=\toks21
\lst@length=\count300
\lst@currlwidth=\dimen174
\lst@column=\count301
\lst@pos=\count302
\lst@lostspace=\dimen175
\lst@width=\dimen176
\lst@newlines=\count303
\lst@lineno=\count304
\lst@maxwidth=\dimen177
 (/usr/local/texlive/2022/texmf-dist/tex/latex/listings/lstmisc.sty
File: lstmisc.sty 2020/03/24 1.8d (Carsten Heinz)
\c@lstnumber=\count305
\lst@skipnumbers=\count306
\lst@framebox=\box99
) (/usr/local/texlive/2022/texmf-dist/tex/latex/listings/listings.cfg
File: listings.cfg 2020/03/24 1.8d listings configuration
))
Package: listings 2020/03/24 1.8d (Carsten Heinz)
 (/usr/local/texlive/2022/texmf-dist/tex/latex/fancyhdr/fancyhdr.sty
Package: fancyhdr 2021/01/28 v4.0.1 Extensive control of page headers and footers
\f@nch@headwidth=\skip53
\f@nch@O@elh=\skip54
\f@nch@O@erh=\skip55
\f@nch@O@olh=\skip56
\f@nch@O@orh=\skip57
\f@nch@O@elf=\skip58
\f@nch@O@erf=\skip59
\f@nch@O@olf=\skip60
\f@nch@O@orf=\skip61
) (/usr/local/texlive/2022/texmf-dist/tex/latex/nopageno/nopageno.sty
Package: nopageno 1989/01/01 no page numbers (DPC)
) (/usr/local/texlive/2022/texmf-dist/tex/latex/preprint/authblk.sty
Package: authblk 2001/02/27 1.3 (PWD)
\affilsep=\skip62
\@affilsep=\skip63
\c@Maxaffil=\count307
\c@authors=\count308
\c@affil=\count309
) (/usr/local/texlive/2022/texmf-dist/tex/latex/amsmath/amsmath.sty
Package: amsmath 2021/10/15 v2.17l AMS math features
\@mathmargin=\skip64

For additional information on amsmath, use the `?' option.
(/usr/local/texlive/2022/texmf-dist/tex/latex/amsmath/amstext.sty
Package: amstext 2021/08/26 v2.01 AMS text
 (/usr/local/texlive/2022/texmf-dist/tex/latex/amsmath/amsgen.sty
File: amsgen.sty 1999/11/30 v2.0 generic functions
\@emptytoks=\toks22
\ex@=\dimen178
)) (/usr/local/texlive/2022/texmf-dist/tex/latex/amsmath/amsbsy.sty
Package: amsbsy 1999/11/29 v1.2d Bold Symbols
\pmbraise@=\dimen179
) (/usr/local/texlive/2022/texmf-dist/tex/latex/amsmath/amsopn.sty
Package: amsopn 2021/08/26 v2.02 operator names
)
\inf@bad=\count310
LaTeX Info: Redefining \frac on input line 234.
\uproot@=\count311
\leftroot@=\count312
LaTeX Info: Redefining \overline on input line 399.
\classnum@=\count313
\DOTSCASE@=\count314
LaTeX Info: Redefining \ldots on input line 496.
LaTeX Info: Redefining \dots on input line 499.
LaTeX Info: Redefining \cdots on input line 620.
\Mathstrutbox@=\box100
\strutbox@=\box101
\big@size=\dimen180
LaTeX Font Info:    Redeclaring font encoding OML on input line 743.
LaTeX Font Info:    Redeclaring font encoding OMS on input line 744.
\macc@depth=\count315
\c@MaxMatrixCols=\count316
\dotsspace@=\muskip16
\c@parentequation=\count317
\dspbrk@lvl=\count318
\tag@help=\toks23
\row@=\count319
\column@=\count320
\maxfields@=\count321
\andhelp@=\toks24
\eqnshift@=\dimen181
\alignsep@=\dimen182
\tagshift@=\dimen183
\tagwidth@=\dimen184
\totwidth@=\dimen185
\lineht@=\dimen186
\@envbody=\toks25
\multlinegap=\skip65
\multlinetaggap=\skip66
\mathdisplay@stack=\toks26
LaTeX Info: Redefining \[ on input line 2938.
LaTeX Info: Redefining \] on input line 2939.
) (/usr/local/texlive/2022/texmf-dist/tex/latex/mathtools/mathtools.sty
Package: mathtools 2022/02/07 v1.28a mathematical typesetting tools
 (/usr/local/texlive/2022/texmf-dist/tex/latex/tools/calc.sty
Package: calc 2017/05/25 v4.3 Infix arithmetic (KKT,FJ)
\calc@Acount=\count322
\calc@Bcount=\count323
\calc@Adimen=\dimen187
\calc@Bdimen=\dimen188
\calc@Askip=\skip67
\calc@Bskip=\skip68
LaTeX Info: Redefining \setlength on input line 80.
LaTeX Info: Redefining \addtolength on input line 81.
\calc@Ccount=\count324
\calc@Cskip=\skip69
) (/usr/local/texlive/2022/texmf-dist/tex/latex/mathtools/mhsetup.sty
Package: mhsetup 2021/03/18 v1.4 programming setup (MH)
)
\g_MT_multlinerow_int=\count325
\l_MT_multwidth_dim=\dimen189
\origjot=\skip70
\l_MT_shortvdotswithinadjustabove_dim=\dimen190
\l_MT_shortvdotswithinadjustbelow_dim=\dimen191
\l_MT_above_intertext_sep=\dimen192
\l_MT_below_intertext_sep=\dimen193
\l_MT_above_shortintertext_sep=\dimen194
\l_MT_below_shortintertext_sep=\dimen195
\xmathstrut@box=\box102
\xmathstrut@dim=\dimen196
) (/usr/local/texlive/2022/texmf-dist/tex/latex/doublestroke/dsfont.sty
Package: dsfont 1995/08/01 v0.1 Double stroke roman fonts
) (/usr/local/texlive/2022/texmf-dist/tex/latex/esdiff/esdiff.sty
Package: esdiff 
) (/usr/local/texlive/2022/texmf-dist/tex/latex/xcolor/xcolor.sty
Package: xcolor 2021/10/31 v2.13 LaTeX color extensions (UK)
 (/usr/local/texlive/2022/texmf-dist/tex/latex/graphics-cfg/color.cfg
File: color.cfg 2016/01/02 v1.6 sample color configuration
)
Package xcolor Info: Driver file: pdftex.def on input line 227.
Package xcolor Info: Model `cmy' substituted by `cmy0' on input line 1352.
Package xcolor Info: Model `hsb' substituted by `rgb' on input line 1356.
Package xcolor Info: Model `RGB' extended on input line 1368.
Package xcolor Info: Model `HTML' substituted by `rgb' on input line 1370.
Package xcolor Info: Model `Hsb' substituted by `hsb' on input line 1371.
Package xcolor Info: Model `tHsb' substituted by `hsb' on input line 1372.
Package xcolor Info: Model `HSB' substituted by `hsb' on input line 1373.
Package xcolor Info: Model `Gray' substituted by `gray' on input line 1374.
Package xcolor Info: Model `wave' substituted by `hsb' on input line 1375.
) (/usr/local/texlive/2022/texmf-dist/tex/latex/csquotes/csquotes.sty
Package: csquotes 2021-02-22 v5.2l context-sensitive quotations (JAW)
 (/usr/local/texlive/2022/texmf-dist/tex/latex/etoolbox/etoolbox.sty
Package: etoolbox 2020/10/05 v2.5k e-TeX tools for LaTeX (JAW)
\etb@tempcnta=\count326
)
\csq@reset=\count327
\csq@gtype=\count328
\csq@glevel=\count329
\csq@qlevel=\count330
\csq@maxlvl=\count331
\csq@tshold=\count332
\csq@ltx@everypar=\toks27
 (/usr/local/texlive/2022/texmf-dist/tex/latex/csquotes/csquotes.def
File: csquotes.def 2021-02-22 v5.2l csquotes generic definitions (JAW)
)
Package csquotes Info: Trying to load configuration file 'csquotes.cfg'...
Package csquotes Info: ... configuration file loaded successfully.
 (/usr/local/texlive/2022/texmf-dist/tex/latex/csquotes/csquotes.cfg
File: csquotes.cfg 
)) (/usr/local/texlive/2022/texmf-dist/tex/latex/siunitx/siunitx.sty
Package: siunitx 2022-02-15 v3.0.49 A comprehensive (SI) units package
\l__siunitx_angle_tmp_dim=\dimen197
\l__siunitx_angle_marker_box=\box103
\l__siunitx_angle_unit_box=\box104
\l__siunitx_compound_count_int=\count333
 (/usr/local/texlive/2022/texmf-dist/tex/latex/translations/translations.sty
Package: translations 2022/02/05 v1.12 internationalization of LaTeX2e packages (CN)
 (/usr/local/texlive/2022/texmf-dist/tex/generic/pdftexcmds/pdftexcmds.sty
Package: pdftexcmds 2020-06-27 v0.33 Utility functions of pdfTeX for LuaTeX (HO)
 (/usr/local/texlive/2022/texmf-dist/tex/generic/infwarerr/infwarerr.sty
Package: infwarerr 2019/12/03 v1.5 Providing info/warning/error messages (HO)
) (/usr/local/texlive/2022/texmf-dist/tex/generic/ltxcmds/ltxcmds.sty
Package: ltxcmds 2020-05-10 v1.25 LaTeX kernel commands for general use (HO)
)
Package pdftexcmds Info: \pdf@primitive is available.
Package pdftexcmds Info: \pdf@ifprimitive is available.
Package pdftexcmds Info: \pdfdraftmode found.
))
\l__siunitx_number_exponent_fixed_int=\count334
\l__siunitx_number_min_decimal_int=\count335
\l__siunitx_number_min_integer_int=\count336
\l__siunitx_number_round_precision_int=\count337
\l__siunitx_number_group_minimum_int=\count338
\l__siunitx_table_tmp_box=\box105
\l__siunitx_table_tmp_dim=\dimen198
\l__siunitx_table_column_width_dim=\dimen199
\l__siunitx_table_integer_box=\box106
\l__siunitx_table_decimal_box=\box107
\l__siunitx_table_before_box=\box108
\l__siunitx_table_after_box=\box109
\l__siunitx_table_before_dim=\dimen256
\l__siunitx_table_carry_dim=\dimen257
\l__siunitx_unit_tmp_int=\count339
\l__siunitx_unit_position_int=\count340
\l__siunitx_unit_total_int=\count341

Package siunitx Info: Option "separate-uncertainty" has been deprecated in
(siunitx)             this release.
(siunitx)             
(siunitx)             Use "uncertainty-mode = separate" as a replacement.

 (/usr/local/texlive/2022/texmf-dist/tex/latex/tools/array.sty
Package: array 2021/10/04 v2.5f Tabular extension package (FMi)
\col@sep=\dimen258
\ar@mcellbox=\box110
\extrarowheight=\dimen259
\NC@list=\toks28
\extratabsurround=\skip71
\backup@length=\skip72
\ar@cellbox=\box111
)) (/usr/local/texlive/2022/texmf-dist/tex/latex/csvsimple/csvsimple.sty
Package: csvsimple 2022/02/01 v2.3.0 LaTeX CSV file processing
) (/usr/local/texlive/2022/texmf-dist/tex/latex/csvsimple/csvsimple-legacy.sty
Package: csvsimple-legacy 2022/02/01 version 2.3.0 LaTeX2e CSV file processing
 (/usr/local/texlive/2022/texmf-dist/tex/latex/pgf/utilities/pgfrcs.sty (/usr/local/texlive/2022/texmf-dist/tex/generic/pgf/utilities/pgfutil-common.tex
\pgfutil@everybye=\toks29
\pgfutil@tempdima=\dimen260
\pgfutil@tempdimb=\dimen261
 (/usr/local/texlive/2022/texmf-dist/tex/generic/pgf/utilities/pgfutil-common-lists.tex)) (/usr/local/texlive/2022/texmf-dist/tex/generic/pgf/utilities/pgfutil-latex.def
\pgfutil@abb=\box112
) (/usr/local/texlive/2022/texmf-dist/tex/generic/pgf/utilities/pgfrcs.code.tex (/usr/local/texlive/2022/texmf-dist/tex/generic/pgf/pgf.revision.tex)
Package: pgfrcs 2021/05/15 v3.1.9a (3.1.9a)
)) (/usr/local/texlive/2022/texmf-dist/tex/latex/pgf/utilities/pgfkeys.sty (/usr/local/texlive/2022/texmf-dist/tex/generic/pgf/utilities/pgfkeys.code.tex
\pgfkeys@pathtoks=\toks30
\pgfkeys@temptoks=\toks31
 (/usr/local/texlive/2022/texmf-dist/tex/generic/pgf/utilities/pgfkeysfiltered.code.tex
\pgfkeys@tmptoks=\toks32
))) (/usr/local/texlive/2022/texmf-dist/tex/latex/base/ifthen.sty
Package: ifthen 2020/11/24 v1.1c Standard LaTeX ifthen package (DPC)
) (/usr/local/texlive/2022/texmf-dist/tex/latex/tools/shellesc.sty
Package: shellesc 2019/11/08 v1.0c unified shell escape interface for LaTeX
Package shellesc Info: Restricted shell escape enabled on input line 77.
)
\csv@file=\read3
\c@csvinputline=\count342
\c@csvrow=\count343
\c@csvcol=\count344
\csv@out=\write3
) (/usr/local/texlive/2022/texmf-dist/tex/latex/caption/subcaption.sty
Package: subcaption 2022/01/07 v1.5 Sub-captions (AR)
\c@subfigure=\count345
\c@subtable=\count346
) (/usr/local/texlive/2022/texmf-dist/tex/latex/physics/physics.sty
Package: physics 
 (/usr/local/texlive/2022/texmf-dist/tex/latex/l3packages/xparse/xparse.sty
Package: xparse 2022-01-12 L3 Experimental document command parser
)) (/usr/local/texlive/2022/texmf-dist/tex/latex/hyperref/hyperref.sty
Package: hyperref 2022-02-21 v7.00n Hypertext links for LaTeX
 (/usr/local/texlive/2022/texmf-dist/tex/generic/kvsetkeys/kvsetkeys.sty
Package: kvsetkeys 2019/12/15 v1.18 Key value parser (HO)
) (/usr/local/texlive/2022/texmf-dist/tex/generic/kvdefinekeys/kvdefinekeys.sty
Package: kvdefinekeys 2019-12-19 v1.6 Define keys (HO)
) (/usr/local/texlive/2022/texmf-dist/tex/generic/pdfescape/pdfescape.sty
Package: pdfescape 2019/12/09 v1.15 Implements pdfTeX's escape features (HO)
) (/usr/local/texlive/2022/texmf-dist/tex/latex/hycolor/hycolor.sty
Package: hycolor 2020-01-27 v1.10 Color options for hyperref/bookmark (HO)
) (/usr/local/texlive/2022/texmf-dist/tex/latex/letltxmacro/letltxmacro.sty
Package: letltxmacro 2019/12/03 v1.6 Let assignment for LaTeX macros (HO)
) (/usr/local/texlive/2022/texmf-dist/tex/latex/auxhook/auxhook.sty
Package: auxhook 2019-12-17 v1.6 Hooks for auxiliary files (HO)
) (/usr/local/texlive/2022/texmf-dist/tex/latex/kvoptions/kvoptions.sty
Package: kvoptions 2020-10-07 v3.14 Key value format for package options (HO)
)
\@linkdim=\dimen262
\Hy@linkcounter=\count347
\Hy@pagecounter=\count348
 (/usr/local/texlive/2022/texmf-dist/tex/latex/hyperref/pd1enc.def
File: pd1enc.def 2022-02-21 v7.00n Hyperref: PDFDocEncoding definition (HO)
Now handling font encoding PD1 ...
... no UTF-8 mapping file for font encoding PD1
) (/usr/local/texlive/2022/texmf-dist/tex/generic/intcalc/intcalc.sty
Package: intcalc 2019/12/15 v1.3 Expandable calculations with integers (HO)
) (/usr/local/texlive/2022/texmf-dist/tex/generic/etexcmds/etexcmds.sty
Package: etexcmds 2019/12/15 v1.7 Avoid name clashes with e-TeX commands (HO)
)
\Hy@SavedSpaceFactor=\count349
 (/usr/local/texlive/2022/texmf-dist/tex/latex/hyperref/puenc.def
File: puenc.def 2022-02-21 v7.00n Hyperref: PDF Unicode definition (HO)
Now handling font encoding PU ...
... no UTF-8 mapping file for font encoding PU
)
Package hyperref Info: Hyper figures OFF on input line 4137.
Package hyperref Info: Link nesting OFF on input line 4142.
Package hyperref Info: Hyper index ON on input line 4145.
Package hyperref Info: Plain pages OFF on input line 4152.
Package hyperref Info: Backreferencing OFF on input line 4157.
Package hyperref Info: Implicit mode ON; LaTeX internals redefined.
Package hyperref Info: Bookmarks ON on input line 4390.
\c@Hy@tempcnt=\count350
 (/usr/local/texlive/2022/texmf-dist/tex/latex/url/url.sty
\Urlmuskip=\muskip17
Package: url 2013/09/16  ver 3.4  Verb mode for urls, etc.
)
LaTeX Info: Redefining \url on input line 4749.
\XeTeXLinkMargin=\dimen263
 (/usr/local/texlive/2022/texmf-dist/tex/generic/bitset/bitset.sty
Package: bitset 2019/12/09 v1.3 Handle bit-vector datatype (HO)
 (/usr/local/texlive/2022/texmf-dist/tex/generic/bigintcalc/bigintcalc.sty
Package: bigintcalc 2019/12/15 v1.5 Expandable calculations on big integers (HO)
))
\Fld@menulength=\count351
\Field@Width=\dimen264
\Fld@charsize=\dimen265
Package hyperref Info: Hyper figures OFF on input line 6027.
Package hyperref Info: Link nesting OFF on input line 6032.
Package hyperref Info: Hyper index ON on input line 6035.
Package hyperref Info: backreferencing OFF on input line 6042.
Package hyperref Info: Link coloring OFF on input line 6047.
Package hyperref Info: Link coloring with OCG OFF on input line 6052.
Package hyperref Info: PDF/A mode OFF on input line 6057.
LaTeX Info: Redefining \ref on input line 6097.
LaTeX Info: Redefining \pageref on input line 6101.
 (/usr/local/texlive/2022/texmf-dist/tex/latex/base/atbegshi-ltx.sty
Package: atbegshi-ltx 2021/01/10 v1.0c Emulation of the original atbegshi
package with kernel methods
)
\Hy@abspage=\count352
\c@Item=\count353
\c@Hfootnote=\count354
)
Package hyperref Info: Driver (autodetected): hpdftex.
 (/usr/local/texlive/2022/texmf-dist/tex/latex/hyperref/hpdftex.def
File: hpdftex.def 2022-02-21 v7.00n Hyperref driver for pdfTeX
 (/usr/local/texlive/2022/texmf-dist/tex/latex/base/atveryend-ltx.sty
Package: atveryend-ltx 2020/08/19 v1.0a Emulation of the original atveryend package
with kernel methods
)
\Fld@listcount=\count355
\c@bookmark@seq@number=\count356
 (/usr/local/texlive/2022/texmf-dist/tex/latex/rerunfilecheck/rerunfilecheck.sty
Package: rerunfilecheck 2019/12/05 v1.9 Rerun checks for auxiliary files (HO)
 (/usr/local/texlive/2022/texmf-dist/tex/generic/uniquecounter/uniquecounter.sty
Package: uniquecounter 2019/12/15 v1.4 Provide unlimited unique counter (HO)
)
Package uniquecounter Info: New unique counter `rerunfilecheck' on input line 286.
)
\Hy@SectionHShift=\skip73
) (/usr/local/texlive/2022/texmf-dist/tex/latex/hyperref/nameref.sty
Package: nameref 2021-04-02 v2.47 Cross-referencing by name of section
 (/usr/local/texlive/2022/texmf-dist/tex/latex/refcount/refcount.sty
Package: refcount 2019/12/15 v3.6 Data extraction from label references (HO)
) (/usr/local/texlive/2022/texmf-dist/tex/generic/gettitlestring/gettitlestring.sty
Package: gettitlestring 2019/12/15 v1.6 Cleanup title references (HO)
)
\c@section@level=\count357
)
Package hyperref Info: Option `colorlinks' set `true' on input line 32.
 (/usr/local/texlive/2022/texmf-dist/tex/latex/tcolorbox/tcolorbox.sty
Package: tcolorbox 2022/01/07 version 5.0.2 text color boxes
 (/usr/local/texlive/2022/texmf-dist/tex/latex/pgf/basiclayer/pgf.sty
Package: pgf 2021/05/15 v3.1.9a (3.1.9a)
 (/usr/local/texlive/2022/texmf-dist/tex/latex/pgf/basiclayer/pgfcore.sty (/usr/local/texlive/2022/texmf-dist/tex/latex/pgf/systemlayer/pgfsys.sty (/usr/local/texlive/2022/texmf-dist/tex/generic/pgf/systemlayer/pgfsys.code.tex
Package: pgfsys 2021/05/15 v3.1.9a (3.1.9a)
 (/usr/local/texlive/2022/texmf-dist/tex/generic/pgf/utilities/pgfkeys.code.tex)
\pgf@x=\dimen266
\pgf@y=\dimen267
\pgf@xa=\dimen268
\pgf@ya=\dimen269
\pgf@xb=\dimen270
\pgf@yb=\dimen271
\pgf@xc=\dimen272
\pgf@yc=\dimen273
\pgf@xd=\dimen274
\pgf@yd=\dimen275
\w@pgf@writea=\write4
\r@pgf@reada=\read4
\c@pgf@counta=\count358
\c@pgf@countb=\count359
\c@pgf@countc=\count360
\c@pgf@countd=\count361
\t@pgf@toka=\toks33
\t@pgf@tokb=\toks34
\t@pgf@tokc=\toks35
\pgf@sys@id@count=\count362
 (/usr/local/texlive/2022/texmf-dist/tex/generic/pgf/systemlayer/pgf.cfg
File: pgf.cfg 2021/05/15 v3.1.9a (3.1.9a)
)
Driver file for pgf: pgfsys-pdftex.def
 (/usr/local/texlive/2022/texmf-dist/tex/generic/pgf/systemlayer/pgfsys-pdftex.def
File: pgfsys-pdftex.def 2021/05/15 v3.1.9a (3.1.9a)
 (/usr/local/texlive/2022/texmf-dist/tex/generic/pgf/systemlayer/pgfsys-common-pdf.def
File: pgfsys-common-pdf.def 2021/05/15 v3.1.9a (3.1.9a)
))) (/usr/local/texlive/2022/texmf-dist/tex/generic/pgf/systemlayer/pgfsyssoftpath.code.tex
File: pgfsyssoftpath.code.tex 2021/05/15 v3.1.9a (3.1.9a)
\pgfsyssoftpath@smallbuffer@items=\count363
\pgfsyssoftpath@bigbuffer@items=\count364
) (/usr/local/texlive/2022/texmf-dist/tex/generic/pgf/systemlayer/pgfsysprotocol.code.tex
File: pgfsysprotocol.code.tex 2021/05/15 v3.1.9a (3.1.9a)
)) (/usr/local/texlive/2022/texmf-dist/tex/generic/pgf/basiclayer/pgfcore.code.tex
Package: pgfcore 2021/05/15 v3.1.9a (3.1.9a)
 (/usr/local/texlive/2022/texmf-dist/tex/generic/pgf/math/pgfmath.code.tex (/usr/local/texlive/2022/texmf-dist/tex/generic/pgf/math/pgfmathcalc.code.tex (/usr/local/texlive/2022/texmf-dist/tex/generic/pgf/math/pgfmathutil.code.tex) (/usr/local/texlive/2022/texmf-dist/tex/generic/pgf/math/pgfmathparser.code.tex
\pgfmath@dimen=\dimen276
\pgfmath@count=\count365
\pgfmath@box=\box113
\pgfmath@toks=\toks36
\pgfmath@stack@operand=\toks37
\pgfmath@stack@operation=\toks38
) (/usr/local/texlive/2022/texmf-dist/tex/generic/pgf/math/pgfmathfunctions.code.tex (/usr/local/texlive/2022/texmf-dist/tex/generic/pgf/math/pgfmathfunctions.basic.code.tex) (/usr/local/texlive/2022/texmf-dist/tex/generic/pgf/math/pgfmathfunctions.trigonometric.code.tex) (/usr/local/texlive/2022/texmf-dist/tex/generic/pgf/math/pgfmathfunctions.random.code.tex) (/usr/local/texlive/2022/texmf-dist/tex/generic/pgf/math/pgfmathfunctions.comparison.code.tex) (/usr/local/texlive/2022/texmf-dist/tex/generic/pgf/math/pgfmathfunctions.base.code.tex) (/usr/local/texlive/2022/texmf-dist/tex/generic/pgf/math/pgfmathfunctions.round.code.tex) (/usr/local/texlive/2022/texmf-dist/tex/generic/pgf/math/pgfmathfunctions.misc.code.tex) (/usr/local/texlive/2022/texmf-dist/tex/generic/pgf/math/pgfmathfunctions.integerarithmetics.code.tex))) (/usr/local/texlive/2022/texmf-dist/tex/generic/pgf/math/pgfmathfloat.code.tex
\c@pgfmathroundto@lastzeros=\count366
)) (/usr/local/texlive/2022/texmf-dist/tex/generic/pgf/math/pgfint.code.tex) (/usr/local/texlive/2022/texmf-dist/tex/generic/pgf/basiclayer/pgfcorepoints.code.tex
File: pgfcorepoints.code.tex 2021/05/15 v3.1.9a (3.1.9a)
\pgf@picminx=\dimen277
\pgf@picmaxx=\dimen278
\pgf@picminy=\dimen279
\pgf@picmaxy=\dimen280
\pgf@pathminx=\dimen281
\pgf@pathmaxx=\dimen282
\pgf@pathminy=\dimen283
\pgf@pathmaxy=\dimen284
\pgf@xx=\dimen285
\pgf@xy=\dimen286
\pgf@yx=\dimen287
\pgf@yy=\dimen288
\pgf@zx=\dimen289
\pgf@zy=\dimen290
) (/usr/local/texlive/2022/texmf-dist/tex/generic/pgf/basiclayer/pgfcorepathconstruct.code.tex
File: pgfcorepathconstruct.code.tex 2021/05/15 v3.1.9a (3.1.9a)
\pgf@path@lastx=\dimen291
\pgf@path@lasty=\dimen292
) (/usr/local/texlive/2022/texmf-dist/tex/generic/pgf/basiclayer/pgfcorepathusage.code.tex
File: pgfcorepathusage.code.tex 2021/05/15 v3.1.9a (3.1.9a)
\pgf@shorten@end@additional=\dimen293
\pgf@shorten@start@additional=\dimen294
) (/usr/local/texlive/2022/texmf-dist/tex/generic/pgf/basiclayer/pgfcorescopes.code.tex
File: pgfcorescopes.code.tex 2021/05/15 v3.1.9a (3.1.9a)
\pgfpic=\box114
\pgf@hbox=\box115
\pgf@layerbox@main=\box116
\pgf@picture@serial@count=\count367
) (/usr/local/texlive/2022/texmf-dist/tex/generic/pgf/basiclayer/pgfcoregraphicstate.code.tex
File: pgfcoregraphicstate.code.tex 2021/05/15 v3.1.9a (3.1.9a)
\pgflinewidth=\dimen295
) (/usr/local/texlive/2022/texmf-dist/tex/generic/pgf/basiclayer/pgfcoretransformations.code.tex
File: pgfcoretransformations.code.tex 2021/05/15 v3.1.9a (3.1.9a)
\pgf@pt@x=\dimen296
\pgf@pt@y=\dimen297
\pgf@pt@temp=\dimen298
) (/usr/local/texlive/2022/texmf-dist/tex/generic/pgf/basiclayer/pgfcorequick.code.tex
File: pgfcorequick.code.tex 2021/05/15 v3.1.9a (3.1.9a)
) (/usr/local/texlive/2022/texmf-dist/tex/generic/pgf/basiclayer/pgfcoreobjects.code.tex
File: pgfcoreobjects.code.tex 2021/05/15 v3.1.9a (3.1.9a)
) (/usr/local/texlive/2022/texmf-dist/tex/generic/pgf/basiclayer/pgfcorepathprocessing.code.tex
File: pgfcorepathprocessing.code.tex 2021/05/15 v3.1.9a (3.1.9a)
) (/usr/local/texlive/2022/texmf-dist/tex/generic/pgf/basiclayer/pgfcorearrows.code.tex
File: pgfcorearrows.code.tex 2021/05/15 v3.1.9a (3.1.9a)
\pgfarrowsep=\dimen299
) (/usr/local/texlive/2022/texmf-dist/tex/generic/pgf/basiclayer/pgfcoreshade.code.tex
File: pgfcoreshade.code.tex 2021/05/15 v3.1.9a (3.1.9a)
\pgf@max=\dimen300
\pgf@sys@shading@range@num=\count368
\pgf@shadingcount=\count369
) (/usr/local/texlive/2022/texmf-dist/tex/generic/pgf/basiclayer/pgfcoreimage.code.tex
File: pgfcoreimage.code.tex 2021/05/15 v3.1.9a (3.1.9a)
 (/usr/local/texlive/2022/texmf-dist/tex/generic/pgf/basiclayer/pgfcoreexternal.code.tex
File: pgfcoreexternal.code.tex 2021/05/15 v3.1.9a (3.1.9a)
\pgfexternal@startupbox=\box117
)) (/usr/local/texlive/2022/texmf-dist/tex/generic/pgf/basiclayer/pgfcorelayers.code.tex
File: pgfcorelayers.code.tex 2021/05/15 v3.1.9a (3.1.9a)
) (/usr/local/texlive/2022/texmf-dist/tex/generic/pgf/basiclayer/pgfcoretransparency.code.tex
File: pgfcoretransparency.code.tex 2021/05/15 v3.1.9a (3.1.9a)
) (/usr/local/texlive/2022/texmf-dist/tex/generic/pgf/basiclayer/pgfcorepatterns.code.tex
File: pgfcorepatterns.code.tex 2021/05/15 v3.1.9a (3.1.9a)
) (/usr/local/texlive/2022/texmf-dist/tex/generic/pgf/basiclayer/pgfcorerdf.code.tex
File: pgfcorerdf.code.tex 2021/05/15 v3.1.9a (3.1.9a)
))) (/usr/local/texlive/2022/texmf-dist/tex/generic/pgf/modules/pgfmoduleshapes.code.tex
File: pgfmoduleshapes.code.tex 2021/05/15 v3.1.9a (3.1.9a)
\pgfnodeparttextbox=\box118
) (/usr/local/texlive/2022/texmf-dist/tex/generic/pgf/modules/pgfmoduleplot.code.tex
File: pgfmoduleplot.code.tex 2021/05/15 v3.1.9a (3.1.9a)
) (/usr/local/texlive/2022/texmf-dist/tex/latex/pgf/compatibility/pgfcomp-version-0-65.sty
Package: pgfcomp-version-0-65 2021/05/15 v3.1.9a (3.1.9a)
\pgf@nodesepstart=\dimen301
\pgf@nodesepend=\dimen302
) (/usr/local/texlive/2022/texmf-dist/tex/latex/pgf/compatibility/pgfcomp-version-1-18.sty
Package: pgfcomp-version-1-18 2021/05/15 v3.1.9a (3.1.9a)
)) (/usr/local/texlive/2022/texmf-dist/tex/latex/tools/verbatim.sty
Package: verbatim 2020-07-07 v1.5u LaTeX2e package for verbatim enhancements
\every@verbatim=\toks39
\verbatim@line=\toks40
\verbatim@in@stream=\read5
) (/usr/local/texlive/2022/texmf-dist/tex/latex/environ/environ.sty
Package: environ 2014/05/04 v0.3 A new way to define environments
 (/usr/local/texlive/2022/texmf-dist/tex/latex/trimspaces/trimspaces.sty
Package: trimspaces 2009/09/17 v1.1 Trim spaces around a token list
))
\tcb@titlebox=\box119
\tcb@upperbox=\box120
\tcb@lowerbox=\box121
\tcb@phantombox=\box122
\c@tcbbreakpart=\count370
\c@tcblayer=\count371
\c@tcolorbox@number=\count372
\tcb@temp=\box123
\tcb@temp=\box124
\tcb@temp=\box125
\tcb@temp=\box126
) (/usr/local/texlive/2022/texmf-dist/tex/latex/amscls/amsthm.sty
Package: amsthm 2020/05/29 v2.20.6
\thm@style=\toks41
\thm@bodyfont=\toks42
\thm@headfont=\toks43
\thm@notefont=\toks44
\thm@headpunct=\toks45
\thm@preskip=\skip74
\thm@postskip=\skip75
\thm@headsep=\skip76
\dth@everypar=\toks46
) (/usr/local/texlive/2022/texmf-dist/tex/latex/float/float.sty
Package: float 2001/11/08 v1.3d Float enhancements (AL)
\c@float@type=\count373
\float@exts=\toks47
\float@box=\box127
\@float@everytoks=\toks48
\@floatcapt=\box128
) (/usr/local/texlive/2022/texmf-dist/tex/latex/enumitem/enumitem.sty
Package: enumitem 2019/06/20 v3.9 Customized lists
\labelindent=\skip77
\enit@outerparindent=\dimen303
\enit@toks=\toks49
\enit@inbox=\box129
\enit@count@id=\count374
\enitdp@description=\count375
) (/usr/local/texlive/2022/texmf-dist/tex/latex/booktabs/booktabs.sty
Package: booktabs 2020/01/12 v1.61803398 Publication quality tables
\heavyrulewidth=\dimen304
\lightrulewidth=\dimen305
\cmidrulewidth=\dimen306
\belowrulesep=\dimen307
\belowbottomsep=\dimen308
\aboverulesep=\dimen309
\abovetopsep=\dimen310
\cmidrulesep=\dimen311
\cmidrulekern=\dimen312
\defaultaddspace=\dimen313
\@cmidla=\count376
\@cmidlb=\count377
\@aboverulesep=\dimen314
\@belowrulesep=\dimen315
\@thisruleclass=\count378
\@lastruleclass=\count379
\@thisrulewidth=\dimen316
)
Package csquotes Info: Checking for multilingual support...
Package csquotes Info: ... found 'babel' package.
Package csquotes Info: Adjusting default style.
Package csquotes Info: Redefining alias 'default' -> 'ngerman'.
 (./versuch_1.aux

LaTeX Warning: Label `fig:DS0021' multiply defined.

)
\openout1 = `versuch_1.aux'.

LaTeX Font Info:    Checking defaults for OML/cmm/m/it on input line 97.
LaTeX Font Info:    ... okay on input line 97.
LaTeX Font Info:    Checking defaults for OMS/cmsy/m/n on input line 97.
LaTeX Font Info:    ... okay on input line 97.
LaTeX Font Info:    Checking defaults for OT1/cmr/m/n on input line 97.
LaTeX Font Info:    ... okay on input line 97.
LaTeX Font Info:    Checking defaults for T1/cmr/m/n on input line 97.
LaTeX Font Info:    ... okay on input line 97.
LaTeX Font Info:    Checking defaults for TS1/cmr/m/n on input line 97.
LaTeX Font Info:    ... okay on input line 97.
LaTeX Font Info:    Checking defaults for OMX/cmex/m/n on input line 97.
LaTeX Font Info:    ... okay on input line 97.
LaTeX Font Info:    Checking defaults for U/cmr/m/n on input line 97.
LaTeX Font Info:    ... okay on input line 97.
LaTeX Font Info:    Checking defaults for PD1/pdf/m/n on input line 97.
LaTeX Font Info:    ... okay on input line 97.
LaTeX Font Info:    Checking defaults for PU/pdf/m/n on input line 97.
LaTeX Font Info:    ... okay on input line 97.

*geometry* driver: auto-detecting
*geometry* detected driver: pdftex
*geometry* verbose mode - [ preamble ] result:
* driver: pdftex
* paper: a4paper
* layout: <same size as paper>
* layoutoffset:(h,v)=(0.0pt,0.0pt)
* modes: 
* h-part:(L,W,R)=(56.9055pt, 483.69687pt, 56.9055pt)
* v-part:(T,H,B)=(99.58464pt, 644.05556pt, 101.40665pt)
* \paperwidth=597.50787pt
* \paperheight=845.04684pt
* \textwidth=483.69687pt
* \textheight=644.05556pt
* \oddsidemargin=-15.36449pt
* \evensidemargin=-15.36449pt
* \topmargin=-9.68535pt
* \headheight=12.0pt
* \headsep=25.0pt
* \topskip=10.0pt
* \footskip=30.0pt
* \marginparwidth=65.0pt
* \marginparsep=11.0pt
* \columnsep=10.0pt
* \skip\footins=9.0pt plus 4.0pt minus 2.0pt
* \hoffset=0.0pt
* \voffset=0.0pt
* \mag=1000
* \@twocolumnfalse
* \@twosidefalse
* \@mparswitchfalse
* \@reversemarginfalse
* (1in=72.27pt=25.4mm, 1cm=28.453pt)

(/usr/local/texlive/2022/texmf-dist/tex/context/base/mkii/supp-pdf.mkii
[Loading MPS to PDF converter (version 2006.09.02).]
\scratchcounter=\count380
\scratchdimen=\dimen317
\scratchbox=\box130
\nofMPsegments=\count381
\nofMParguments=\count382
\everyMPshowfont=\toks50
\MPscratchCnt=\count383
\MPscratchDim=\dimen318
\MPnumerator=\count384
\makeMPintoPDFobject=\count385
\everyMPtoPDFconversion=\toks51
) (/usr/local/texlive/2022/texmf-dist/tex/latex/epstopdf-pkg/epstopdf-base.sty
Package: epstopdf-base 2020-01-24 v2.11 Base part for package epstopdf
Package epstopdf-base Info: Redefining graphics rule for `.eps' on input line 485.
 (/usr/local/texlive/2022/texmf-dist/tex/latex/latexconfig/epstopdf-sys.cfg
File: epstopdf-sys.cfg 2010/07/13 v1.3 Configuration of (r)epstopdf for TeX Live
))
Package caption Info: Begin \AtBeginDocument code.
Package caption Info: float package is loaded.
Package caption Info: hyperref package is loaded.
Package caption Info: listings package is loaded.
Package caption Info: End \AtBeginDocument code.
\c@lstlisting=\count386
 (/usr/local/texlive/2022/texmf-dist/tex/latex/translations/translations-basic-dictionary-german.trsl
File: translations-basic-dictionary-german.trsl (german translation file `translations-basic-dictionary')
)
Package translations Info: loading dictionary `translations-basic-dictionary' for `german'. on input line 97.
Package hyperref Info: Link coloring ON on input line 97.
LaTeX Info: Redefining \ref on input line 97.
LaTeX Info: Redefining \pageref on input line 97.
LaTeX Info: Redefining \nameref on input line 97.
 (./versuch_1.out) (./versuch_1.out)
\@outlinefile=\write5
\openout5 = `versuch_1.out'.

<<<<<<< HEAD
LaTeX Font Info:    Trying to load font information for U+msa on input line 107.
 (c:/texlive/2024/texmf-dist/tex/latex/amsfonts/umsa.fd
File: umsa.fd 2013/01/14 v3.01 AMS symbols A
)
LaTeX Font Info:    Trying to load font information for U+msb on input line 107.
 (c:/texlive/2024/texmf-dist/tex/latex/amsfonts/umsb.fd
=======
LaTeX Font Info:    Trying to load font information for U+msa on input line 108.
 (/usr/local/texlive/2022/texmf-dist/tex/latex/amsfonts/umsa.fd
File: umsa.fd 2013/01/14 v3.01 AMS symbols A
)
LaTeX Font Info:    Trying to load font information for U+msb on input line 108.
 (/usr/local/texlive/2022/texmf-dist/tex/latex/amsfonts/umsb.fd
>>>>>>> 710ccdd6a0dbfd6a6804f9dea27b0cef82fe4a75
File: umsb.fd 2013/01/14 v3.01 AMS symbols B
) [1

{c:/texlive/2024/texmf-var/fonts/map/pdftex/updmap/pdftex.map}{c:/texlive/2024/texmf-dist/fonts/enc/dvips/cm-super/cm-super-ts1.enc}] (./versuch_1.toc)
\tf@toc=\write6
\openout6 = `versuch_1.toc'.


<<<<<<< HEAD
pdfTeX warning (ext4): destination with the same identifier (name{page.}) has been already used, duplicate ignored
<to be read again> 
                   \relax 
l.110 \newpage
               [1] [1]
<figs/Aufbau_1_1_Differenzierglied.png, id=76, 458.71375pt x 202.7575pt>
=======
{/usr/local/texlive/2022/texmf-var/fonts/map/pdftex/updmap/pdftex.map}] [1] [2]
<figs/Aufbau_1_1_Differenzierglied.png, id=80, 458.71375pt x 202.7575pt>
>>>>>>> 710ccdd6a0dbfd6a6804f9dea27b0cef82fe4a75
File: figs/Aufbau_1_1_Differenzierglied.png Graphic file (type png)
<use figs/Aufbau_1_1_Differenzierglied.png>
Package pdftex.def Info: figs/Aufbau_1_1_Differenzierglied.png  used on input line 229.
(pdftex.def)             Requested size: 241.84843pt x 106.90097pt.
 [2]
<MesswerteVersuch1/DS0001.png, id=88, 321.2pt x 234.8775pt>
File: MesswerteVersuch1/DS0001.png Graphic file (type png)
<use MesswerteVersuch1/DS0001.png>
Package pdftex.def Info: MesswerteVersuch1/DS0001.png  used on input line 238.
(pdftex.def)             Requested size: 241.84843pt x 176.85655pt.
<MesswerteVersuch1/DS0002.png, id=89, 321.2pt x 234.8775pt>
File: MesswerteVersuch1/DS0002.png Graphic file (type png)
<use MesswerteVersuch1/DS0002.png>
Package pdftex.def Info: MesswerteVersuch1/DS0002.png  used on input line 239.
(pdftex.def)             Requested size: 241.84843pt x 176.85655pt.
<MesswerteVersuch1/DS0000.png, id=90, 321.2pt x 234.8775pt>
File: MesswerteVersuch1/DS0000.png Graphic file (type png)
<use MesswerteVersuch1/DS0000.png>
Package pdftex.def Info: MesswerteVersuch1/DS0000.png  used on input line 245.
(pdftex.def)             Requested size: 386.95897pt x 282.97336pt.


Package fancyhdr Warning: \headheight is too small (12.0pt): 
(fancyhdr)                Make it at least 12.37082pt, for example:
(fancyhdr)                \setlength{\headheight}{12.37082pt}.
(fancyhdr)                You might also make \topmargin smaller to compensate:
(fancyhdr)                \addtolength{\topmargin}{-0.37082pt}.

[3 <./figs/Aufbau_1_1_Differenzierglied.png> <./MesswerteVersuch1/DS0001.png> <./MesswerteVersuch1/DS0002.png>]

Package fancyhdr Warning: \headheight is too small (12.0pt): 
(fancyhdr)                Make it at least 12.37082pt, for example:
(fancyhdr)                \setlength{\headheight}{12.37082pt}.
(fancyhdr)                You might also make \topmargin smaller to compensate:
(fancyhdr)                \addtolength{\topmargin}{-0.37082pt}.

[4 <./MesswerteVersuch1/DS0000.png>]
<figs/Aufbau_1_2_Impulse_auf_Kabeln.png, id=110, 458.71375pt x 213.79875pt>
File: figs/Aufbau_1_2_Impulse_auf_Kabeln.png Graphic file (type png)
<use figs/Aufbau_1_2_Impulse_auf_Kabeln.png>
Package pdftex.def Info: figs/Aufbau_1_2_Impulse_auf_Kabeln.png  used on input line 263.
(pdftex.def)             Requested size: 386.95897pt x 180.36288pt.
<MesswerteVersuch1/DS0004.png, id=115, 321.2pt x 234.8775pt>
File: MesswerteVersuch1/DS0004.png Graphic file (type png)
<use MesswerteVersuch1/DS0004.png>
Package pdftex.def Info: MesswerteVersuch1/DS0004.png  used on input line 273.
(pdftex.def)             Requested size: 386.95897pt x 282.97336pt.
<MesswerteVersuch1/DS0005.png, id=116, 321.2pt x 234.8775pt>
File: MesswerteVersuch1/DS0005.png Graphic file (type png)
<use MesswerteVersuch1/DS0005.png>
Package pdftex.def Info: MesswerteVersuch1/DS0005.png  used on input line 279.
(pdftex.def)             Requested size: 386.95897pt x 282.97336pt.


Package fancyhdr Warning: \headheight is too small (12.0pt): 
(fancyhdr)                Make it at least 12.37082pt, for example:
(fancyhdr)                \setlength{\headheight}{12.37082pt}.
(fancyhdr)                You might also make \topmargin smaller to compensate:
(fancyhdr)                \addtolength{\topmargin}{-0.37082pt}.

[5

 <./figs/Aufbau_1_2_Impulse_auf_Kabeln.png>]

Package fancyhdr Warning: \headheight is too small (12.0pt): 
(fancyhdr)                Make it at least 12.37082pt, for example:
(fancyhdr)                \setlength{\headheight}{12.37082pt}.
(fancyhdr)                You might also make \topmargin smaller to compensate:
(fancyhdr)                \addtolength{\topmargin}{-0.37082pt}.

[6 <./MesswerteVersuch1/DS0004.png> <./MesswerteVersuch1/DS0005.png>]
<figs/Aufbau_1_3_Leitungsabschluss.png, id=133, 458.71375pt x 213.79875pt>
File: figs/Aufbau_1_3_Leitungsabschluss.png Graphic file (type png)
<use figs/Aufbau_1_3_Leitungsabschluss.png>
Package pdftex.def Info: figs/Aufbau_1_3_Leitungsabschluss.png  used on input line 291.
(pdftex.def)             Requested size: 386.95897pt x 180.36288pt.
<MesswerteVersuch1/DS0006.png, id=136, 321.2pt x 234.8775pt>
File: MesswerteVersuch1/DS0006.png Graphic file (type png)
<use MesswerteVersuch1/DS0006.png>
Package pdftex.def Info: MesswerteVersuch1/DS0006.png  used on input line 314.
(pdftex.def)             Requested size: 241.84843pt x 176.85655pt.
<MesswerteVersuch1/DS0007.png, id=137, 321.2pt x 234.8775pt>
File: MesswerteVersuch1/DS0007.png Graphic file (type png)
<use MesswerteVersuch1/DS0007.png>
Package pdftex.def Info: MesswerteVersuch1/DS0007.png  used on input line 315.
(pdftex.def)             Requested size: 241.84843pt x 176.85655pt.

Overfull \hbox (7.77844pt too wide) in paragraph at lines 308--318
\OT1/cmr/m/n/10 Zudem ist zu er-ken-nen, dass die Am-pli-tu-de mit der Zeit ab-nimmt, was auf die D[]ampfung der Lei-tung zur[]uckgef[]uhrt
 []


Package fancyhdr Warning: \headheight is too small (12.0pt): 
(fancyhdr)                Make it at least 12.37082pt, for example:
(fancyhdr)                \setlength{\headheight}{12.37082pt}.
(fancyhdr)                You might also make \topmargin smaller to compensate:
(fancyhdr)                \addtolength{\topmargin}{-0.37082pt}.

[7

 <./figs/Aufbau_1_3_Leitungsabschluss.png>]

Package fancyhdr Warning: \headheight is too small (12.0pt): 
(fancyhdr)                Make it at least 12.37082pt, for example:
(fancyhdr)                \setlength{\headheight}{12.37082pt}.
(fancyhdr)                You might also make \topmargin smaller to compensate:
(fancyhdr)                \addtolength{\topmargin}{-0.37082pt}.

[8 <./MesswerteVersuch1/DS0006.png> <./MesswerteVersuch1/DS0007.png>]
<MesswerteVersuch1/DS0009.png, id=155, 321.2pt x 234.8775pt>
File: MesswerteVersuch1/DS0009.png Graphic file (type png)
<use MesswerteVersuch1/DS0009.png>
Package pdftex.def Info: MesswerteVersuch1/DS0009.png  used on input line 332.
(pdftex.def)             Requested size: 241.84843pt x 176.85655pt.
<MesswerteVersuch1/DS0008.png, id=156, 321.2pt x 234.8775pt>
File: MesswerteVersuch1/DS0008.png Graphic file (type png)
<use MesswerteVersuch1/DS0008.png>
Package pdftex.def Info: MesswerteVersuch1/DS0008.png  used on input line 333.
(pdftex.def)             Requested size: 241.84843pt x 176.85655pt.


Package fancyhdr Warning: \headheight is too small (12.0pt): 
(fancyhdr)                Make it at least 12.37082pt, for example:
(fancyhdr)                \setlength{\headheight}{12.37082pt}.
(fancyhdr)                You might also make \topmargin smaller to compensate:
(fancyhdr)                \addtolength{\topmargin}{-0.37082pt}.

[9

 <./MesswerteVersuch1/DS0009.png> <./MesswerteVersuch1/DS0008.png>]
<MesswerteVersuch1/DS0012.png, id=164, 321.2pt x 234.8775pt>
File: MesswerteVersuch1/DS0012.png Graphic file (type png)
<use MesswerteVersuch1/DS0012.png>
Package pdftex.def Info: MesswerteVersuch1/DS0012.png  used on input line 347.
(pdftex.def)             Requested size: 241.84843pt x 176.85655pt.
<MesswerteVersuch1/DS0011.png, id=165, 321.2pt x 234.8775pt>
File: MesswerteVersuch1/DS0011.png Graphic file (type png)
<use MesswerteVersuch1/DS0011.png>
Package pdftex.def Info: MesswerteVersuch1/DS0011.png  used on input line 348.
(pdftex.def)             Requested size: 241.84843pt x 176.85655pt.


Package fancyhdr Warning: \headheight is too small (12.0pt): 
(fancyhdr)                Make it at least 12.37082pt, for example:
(fancyhdr)                \setlength{\headheight}{12.37082pt}.
(fancyhdr)                You might also make \topmargin smaller to compensate:
(fancyhdr)                \addtolength{\topmargin}{-0.37082pt}.

[10

 <./MesswerteVersuch1/DS0012.png> <./MesswerteVersuch1/DS0011.png>]
<MesswerteVersuch1/DS0013.png, id=173, 321.2pt x 234.8775pt>
File: MesswerteVersuch1/DS0013.png Graphic file (type png)
<use MesswerteVersuch1/DS0013.png>
Package pdftex.def Info: MesswerteVersuch1/DS0013.png  used on input line 370.
(pdftex.def)             Requested size: 241.84843pt x 176.85655pt.
<MesswerteVersuch1/DS0014.png, id=174, 321.2pt x 234.8775pt>
File: MesswerteVersuch1/DS0014.png Graphic file (type png)
<use MesswerteVersuch1/DS0014.png>
Package pdftex.def Info: MesswerteVersuch1/DS0014.png  used on input line 377.
(pdftex.def)             Requested size: 241.84843pt x 176.85655pt.

Underfull \hbox (badness 10000) in paragraph at lines 410--412

 []


Package fancyhdr Warning: \headheight is too small (12.0pt): 
(fancyhdr)                Make it at least 12.37082pt, for example:
(fancyhdr)                \setlength{\headheight}{12.37082pt}.
(fancyhdr)                You might also make \topmargin smaller to compensate:
(fancyhdr)                \addtolength{\topmargin}{-0.37082pt}.

[11

 <./MesswerteVersuch1/DS0013.png> <./MesswerteVersuch1/DS0014.png>]
<MesswerteVersuch1/DS0015.png, id=185, 321.2pt x 234.8775pt>
File: MesswerteVersuch1/DS0015.png Graphic file (type png)
<use MesswerteVersuch1/DS0015.png>
Package pdftex.def Info: MesswerteVersuch1/DS0015.png  used on input line 421.
(pdftex.def)             Requested size: 241.84843pt x 176.85655pt.
<MesswerteVersuch1/DS0016.png, id=186, 321.2pt x 234.8775pt>
File: MesswerteVersuch1/DS0016.png Graphic file (type png)
<use MesswerteVersuch1/DS0016.png>
Package pdftex.def Info: MesswerteVersuch1/DS0016.png  used on input line 428.
(pdftex.def)             Requested size: 241.84843pt x 176.85655pt.


Package fancyhdr Warning: \headheight is too small (12.0pt): 
(fancyhdr)                Make it at least 12.37082pt, for example:
(fancyhdr)                \setlength{\headheight}{12.37082pt}.
(fancyhdr)                You might also make \topmargin smaller to compensate:
(fancyhdr)                \addtolength{\topmargin}{-0.37082pt}.

[12 <./MesswerteVersuch1/DS0015.png> <./MesswerteVersuch1/DS0016.png>]
<figs/Aufbau_1_4_Klippkabel.png, id=196, 458.71375pt x 213.79875pt>
File: figs/Aufbau_1_4_Klippkabel.png Graphic file (type png)
<use figs/Aufbau_1_4_Klippkabel.png>
Package pdftex.def Info: figs/Aufbau_1_4_Klippkabel.png  used on input line 444.
(pdftex.def)             Requested size: 241.84843pt x 112.7223pt.
<MesswerteVersuch1/DS0017.png, id=199, 321.2pt x 234.8775pt>
File: MesswerteVersuch1/DS0017.png Graphic file (type png)
<use MesswerteVersuch1/DS0017.png>
Package pdftex.def Info: MesswerteVersuch1/DS0017.png  used on input line 458.
(pdftex.def)             Requested size: 241.84843pt x 176.85655pt.


Package fancyhdr Warning: \headheight is too small (12.0pt): 
(fancyhdr)                Make it at least 12.37082pt, for example:
(fancyhdr)                \setlength{\headheight}{12.37082pt}.
(fancyhdr)                You might also make \topmargin smaller to compensate:
(fancyhdr)                \addtolength{\topmargin}{-0.37082pt}.

[13

 <./figs/Aufbau_1_4_Klippkabel.png> <./MesswerteVersuch1/DS0017.png>]
<MesswerteVersuch1/DS0025.png, id=212, 321.2pt x 234.8775pt>
File: MesswerteVersuch1/DS0025.png Graphic file (type png)
<use MesswerteVersuch1/DS0025.png>
Package pdftex.def Info: MesswerteVersuch1/DS0025.png  used on input line 469.
(pdftex.def)             Requested size: 241.84843pt x 176.85655pt.
<MesswerteVersuch1/DS0021.png, id=213, 321.2pt x 234.8775pt>
File: MesswerteVersuch1/DS0021.png Graphic file (type png)
<use MesswerteVersuch1/DS0021.png>
Package pdftex.def Info: MesswerteVersuch1/DS0021.png  used on input line 481.
(pdftex.def)             Requested size: 241.84843pt x 176.85655pt.
<MesswerteVersuch1/DS0022.png, id=214, 321.2pt x 234.8775pt>
File: MesswerteVersuch1/DS0022.png Graphic file (type png)
<use MesswerteVersuch1/DS0022.png>
Package pdftex.def Info: MesswerteVersuch1/DS0022.png  used on input line 487.
(pdftex.def)             Requested size: 241.84843pt x 176.85655pt.


Package fancyhdr Warning: \headheight is too small (12.0pt): 
(fancyhdr)                Make it at least 12.37082pt, for example:
(fancyhdr)                \setlength{\headheight}{12.37082pt}.
(fancyhdr)                You might also make \topmargin smaller to compensate:
(fancyhdr)                \addtolength{\topmargin}{-0.37082pt}.

[14

 <./MesswerteVersuch1/DS0025.png> <./MesswerteVersuch1/DS0021.png>]
<MesswerteVersuch1/DS0027.png, id=223, 321.2pt x 234.8775pt>
File: MesswerteVersuch1/DS0027.png Graphic file (type png)
<use MesswerteVersuch1/DS0027.png>
Package pdftex.def Info: MesswerteVersuch1/DS0027.png  used on input line 536.
(pdftex.def)             Requested size: 241.84843pt x 176.85655pt.
<MesswerteVersuch1/DS0026.png, id=224, 321.2pt x 234.8775pt>
File: MesswerteVersuch1/DS0026.png Graphic file (type png)
<use MesswerteVersuch1/DS0026.png>
Package pdftex.def Info: MesswerteVersuch1/DS0026.png  used on input line 542.
(pdftex.def)             Requested size: 241.84843pt x 176.85655pt.


Package fancyhdr Warning: \headheight is too small (12.0pt): 
(fancyhdr)                Make it at least 12.37082pt, for example:
(fancyhdr)                \setlength{\headheight}{12.37082pt}.
(fancyhdr)                You might also make \topmargin smaller to compensate:
(fancyhdr)                \addtolength{\topmargin}{-0.37082pt}.

<<<<<<< HEAD
[15 <./MesswerteVersuch1/DS0022.png>] [16 <./MesswerteVersuch1/DS0027.png> <./MesswerteVersuch1/DS0026.png>] [17] (./versuch_1.aux)
 ***********
LaTeX2e <2023-11-01> patch level 1
L3 programming layer <2024-04-11>
 ***********

=======
[16 <./MesswerteVersuch1/DS0027.png> <./MesswerteVersuch1/DS0026.png>] [17] (./versuch_1.aux)
>>>>>>> 710ccdd6a0dbfd6a6804f9dea27b0cef82fe4a75

LaTeX Warning: There were multiply-defined labels.

Package rerunfilecheck Info: File `versuch_1.out' has not changed.
(rerunfilecheck)             Checksum: D7E2EFFA9E7A6E0ED396D4C0D93178B8;1677.
 ) 
Here is how much of TeX's memory you used:
<<<<<<< HEAD
 32420 strings out of 474050
 641810 string characters out of 5746299
 1942754 words of memory out of 5000000
 54309 multiletter control sequences out of 15000+600000
 568275 words of font info for 74 fonts, out of 8000000 for 9000
 1141 hyphenation exceptions out of 8191
 80i,13n,93p,981b,1015s stack positions out of 10000i,1000n,20000p,200000b,200000s
<c:/texlive/2024/texmf-dist/fonts/type1/public/amsfonts/cm/cmbx10.pfb><c:/texlive/2024/texmf-dist/fonts/type1/public/amsfonts/cm/cmbx12.pfb><c:/texlive/2024/texmf-dist/fonts/type1/public/amsfonts/cm/cmex10.pfb><c:/texlive/2024/texmf-dist/fonts/type1/public/amsfonts/cm/cmmi10.pfb><c:/texlive/2024/texmf-dist/fonts/type1/public/amsfonts/cm/cmmi5.pfb><c:/texlive/2024/texmf-dist/fonts/type1/public/amsfonts/cm/cmmi7.pfb><c:/texlive/2024/texmf-dist/fonts/type1/public/amsfonts/cm/cmr10.pfb><c:/texlive/2024/texmf-dist/fonts/type1/public/amsfonts/cm/cmr12.pfb><c:/texlive/2024/texmf-dist/fonts/type1/public/amsfonts/cm/cmr17.pfb><c:/texlive/2024/texmf-dist/fonts/type1/public/amsfonts/cm/cmr5.pfb><c:/texlive/2024/texmf-dist/fonts/type1/public/amsfonts/cm/cmr7.pfb><c:/texlive/2024/texmf-dist/fonts/type1/public/amsfonts/cm/cmr8.pfb><c:/texlive/2024/texmf-dist/fonts/type1/public/amsfonts/cm/cmsy10.pfb><c:/texlive/2024/texmf-dist/fonts/type1/public/amsfonts/cm/cmsy7.pfb><c:/texlive/2024/texmf-dist/fonts/type1/public/amsfonts/cm/cmti10.pfb><c:/texlive/2024/texmf-dist/fonts/type1/public/cm-super/sfrm0600.pfb><c:/texlive/2024/texmf-dist/fonts/type1/public/cm-super/sfrm0800.pfb><c:/texlive/2024/texmf-dist/fonts/type1/public/cm-super/sfrm1000.pfb>
Output written on versuch_1.pdf (19 pages, 450834 bytes).
=======
 31644 strings out of 478268
 623092 string characters out of 5846347
 989587 words of memory out of 5000000
 49290 multiletter control sequences out of 15000+600000
 478812 words of font info for 64 fonts, out of 8000000 for 9000
 1141 hyphenation exceptions out of 8191
 78i,12n,80p,975b,869s stack positions out of 10000i,1000n,20000p,200000b,200000s
{/usr/local/texlive/2022/texmf-dist/fonts/enc/dvips/cm-super/cm-super-ts1.enc}</usr/local/texlive/2022/texmf-dist/fonts/type1/public/amsfonts/cm/cmbx10.pfb></usr/local/texlive/2022/texmf-dist/fonts/type1/public/amsfonts/cm/cmbx12.pfb></usr/local/texlive/2022/texmf-dist/fonts/type1/public/amsfonts/cm/cmex10.pfb></usr/local/texlive/2022/texmf-dist/fonts/type1/public/amsfonts/cm/cmmi10.pfb></usr/local/texlive/2022/texmf-dist/fonts/type1/public/amsfonts/cm/cmmi5.pfb></usr/local/texlive/2022/texmf-dist/fonts/type1/public/amsfonts/cm/cmmi7.pfb></usr/local/texlive/2022/texmf-dist/fonts/type1/public/amsfonts/cm/cmr10.pfb></usr/local/texlive/2022/texmf-dist/fonts/type1/public/amsfonts/cm/cmr12.pfb></usr/local/texlive/2022/texmf-dist/fonts/type1/public/amsfonts/cm/cmr17.pfb></usr/local/texlive/2022/texmf-dist/fonts/type1/public/amsfonts/cm/cmr5.pfb></usr/local/texlive/2022/texmf-dist/fonts/type1/public/amsfonts/cm/cmr7.pfb></usr/local/texlive/2022/texmf-dist/fonts/type1/public/amsfonts/cm/cmr8.pfb></usr/local/texlive/2022/texmf-dist/fonts/type1/public/amsfonts/cm/cmsy10.pfb></usr/local/texlive/2022/texmf-dist/fonts/type1/public/amsfonts/cm/cmsy7.pfb></usr/local/texlive/2022/texmf-dist/fonts/type1/public/cm-super/sfrm0600.pfb></usr/local/texlive/2022/texmf-dist/fonts/type1/public/cm-super/sfrm0800.pfb></usr/local/texlive/2022/texmf-dist/fonts/type1/public/cm-super/sfrm1000.pfb>
Output written on versuch_1.pdf (18 pages, 418928 bytes).
>>>>>>> 710ccdd6a0dbfd6a6804f9dea27b0cef82fe4a75
PDF statistics:
 338 PDF objects out of 1000 (max. 8388607)
 224 compressed objects within 3 object streams
 62 named destinations out of 1000 (max. 500000)
 202 words of extra memory for PDF output out of 10000 (max. 10000000)

